<?xml version="1.0" encoding="UTF-8"?>
<!-- Generated by org.testng.reporters.JUnitXMLReporter -->
<testsuite ignored="0" hostname="HP" failures="0" tests="5" name="Default test" time="18.11" errors="0" timestamp="2023-12-14T12:23:50 IST">
  <testcase classname="test.Flightreservationtest" name="userregistration" time="8.109"/>
  <testcase classname="test.Flightreservationtest" name="regconfirmation" time="0.858"/>
  <testcase classname="test.Flightreservationtest" name="flightsearch" time="2.049"/>
  <testcase classname="test.Flightreservationtest" name="flightselect" time="2.575"/>
  <testcase classname="test.Flightreservationtest" name="validation" time="0.75"/>
</testsuite> <!-- Default test -->
